<?xml version="1.0" encoding="UTF-8"?>
<testsuite xmlns:xsi="http://www.w3.org/2001/XMLSchema-instance" xsi:noNamespaceSchemaLocation="https://maven.apache.org/surefire/maven-surefire-plugin/xsd/surefire-test-report.xsd" version="3.0.2" name="com.pm.khepasswordmanager.KhepasswordmanagerApplicationTests" time="0.851" tests="1" errors="0" skipped="0" failures="0">
  <properties>
[...]
</properties>
  <testcase name="contextLoads" classname="com.pm.khepasswordmanager.KhepasswordmanagerApplicationTests" time="0.303">
    <system-out><![CDATA[21:56:20.292 [main] INFO org.springframework.test.context.support.AnnotationConfigContextLoaderUtils -- Could not detect default configuration classes for test class [com.pm.khepasswordmanager.KhepasswordmanagerApplicationTests]: KhepasswordmanagerApplicationTests does not declare any static, non-private, non-final, nested classes annotated with @Configuration.
21:56:20.326 [main] INFO org.springframework.boot.test.context.SpringBootTestContextBootstrapper -- Found @SpringBootConfiguration com.pm.khepasswordmanager.KhepasswordmanagerApplication for test class com.pm.khepasswordmanager.KhepasswordmanagerApplicationTests

  .   ____          _            __ _ _
 /\\ / ___'_ __ _ _(_)_ __  __ _ \ \ \ \
( ( )\___ | '_ | '_| | '_ \/ _` | \ \ \ \
 \\/  ___)| |_)| | | | | || (_| |  ) ) ) )
  '  |____| .__|_| |_|_| |_\__, | / / / /
 =========|_|==============|___/=/_/_/_/

 :: Spring Boot ::                (v3.4.2)

2025-02-15T21:56:20.433-05:00  INFO 5324 --- [khepasswordmanager] [           main] c.p.k.KhepasswordmanagerApplicationTests : Starting KhepasswordmanagerApplicationTests using Java 17.0.12 with PID 5324 (started by bala in /Users/bala/Downloads/khepasswordmanager)
2025-02-15T21:56:20.434-05:00  INFO 5324 --- [khepasswordmanager] [           main] c.p.k.KhepasswordmanagerApplicationTests : No active profile set, falling back to 1 default profile: "default"
2025-02-15T21:56:20.789-05:00  INFO 5324 --- [khepasswordmanager] [           main] c.p.k.KhepasswordmanagerApplicationTests : Started KhepasswordmanagerApplicationTests in 0.427 seconds (process running for 0.693)
]]></system-out>
  </testcase>
</testsuite>